# JRE version: OpenJDK Runtime Environment (24.0.1+9) (build 24.0.1+9-30)
# Java VM: OpenJDK 64-Bit Server VM (24.0.1+9-30, mixed mode, emulated-client, sharing, tiered, compressed oops, compressed class ptrs, g1 gc, windows-amd64)
GC Precious Log:
 CardTable entry size: 512
 Card Set container configuration: InlinePtr #cards 5 size 8 Array Of Cards #cards 10 size 36 Howl #buckets 4 coarsen threshold 1843 Howl Bitmap #cards 512 size 80 coarsen threshold 460 Card regions per heap region 1 cards per card region 2048
 CPUs: 12 total, 12 available
 Memory: 7865M
 Large Page Support: Disabled
 NUMA Support: Disabled
 Compressed Oops: Enabled (32-bit)
 Heap Region Size: 1M
 Heap Min Capacity: 8M
 Heap Initial Capacity: 124M
 Heap Max Capacity: 1968M
 Pre-touch: Disabled
 Parallel Workers: 10
 Concurrent Workers: 3
 Concurrent Refinement Workers: 10
 Periodic GC: Disabled
Heap:
 garbage-first heap   total reserved 2015232K, committed 65536K, used 47906K [0x0000000085000000, 0x0000000100000000)
  region size 1024K, 16 young (16384K), 2 survivors (2048K)
 Metaspace       used 75349K, committed 75968K, reserved 1179648K
  class space    used 8812K, committed 9088K, reserved 1048576K
GC Heap History (20 events):
Event: 254.574 GC heap after
{Heap after GC invocations=14 (full 0):
 garbage-first heap   total reserved 2015232K, committed 65536K, used 33002K [0x0000000085000000, 0x0000000100000000)
  region size 1024K, 4 young (4096K), 4 survivors (4096K)
 Metaspace       used 70387K, committed 71040K, reserved 1114112K
  class space    used 7984K, committed 8256K, reserved 1048576K
}
Event: 528.243 GC heap before
{Heap before GC invocations=15 (full 0):
 garbage-first heap   total reserved 2015232K, committed 65536K, used 56554K [0x0000000085000000, 0x0000000100000000)
  region size 1024K, 27 young (27648K), 4 survivors (4096K)
 Metaspace       used 72173K, committed 72832K, reserved 1114112K
  class space    used 8231K, committed 8512K, reserved 1048576K
}
Event: 528.265 GC heap after
{Heap after GC invocations=16 (full 0):
 garbage-first heap   total reserved 2015232K, committed 65536K, used 32994K [0x0000000085000000, 0x0000000100000000)
  region size 1024K, 3 young (3072K), 3 survivors (3072K)
 Metaspace       used 72173K, committed 72832K, reserved 1114112K
  class space    used 8231K, committed 8512K, reserved 1048576K
}
Event: 713.921 GC heap before
{Heap before GC invocations=16 (full 0):
 garbage-first heap   total reserved 2015232K, committed 65536K, used 55522K [0x0000000085000000, 0x0000000100000000)
  region size 1024K, 26 young (26624K), 3 survivors (3072K)
 Metaspace       used 74160K, committed 74752K, reserved 1179648K
  class space    used 8651K, committed 8896K, reserved 1048576K
}
Event: 713.941 GC heap after
{Heap after GC invocations=17 (full 0):
 garbage-first heap   total reserved 2015232K, committed 65536K, used 35835K [0x0000000085000000, 0x0000000100000000)
  region size 1024K, 4 young (4096K), 4 survivors (4096K)
 Metaspace       used 74160K, committed 74752K, reserved 1179648K
  class space    used 8651K, committed 8896K, reserved 1048576K
}
Event: 713.991 GC heap before
{Heap before GC invocations=17 (full 0):
 garbage-first heap   total reserved 2015232K, committed 65536K, used 57339K [0x0000000085000000, 0x0000000100000000)
  region size 1024K, 25 young (25600K), 4 survivors (4096K)
 Metaspace       used 74176K, committed 74752K, reserved 1179648K
  class space    used 8652K, committed 8896K, reserved 1048576K
}
Event: 713.998 GC heap after
{Heap after GC invocations=18 (full 0):
 garbage-first heap   total reserved 2015232K, committed 65536K, used 36670K [0x0000000085000000, 0x0000000100000000)
  region size 1024K, 1 young (1024K), 1 survivors (1024K)
 Metaspace       used 74176K, committed 74752K, reserved 1179648K
  class space    used 8652K, committed 8896K, reserved 1048576K
}
Event: 988.834 GC heap before
{Heap before GC invocations=19 (full 0):
 garbage-first heap   total reserved 2015232K, committed 65536K, used 58174K [0x0000000085000000, 0x0000000100000000)
  region size 1024K, 22 young (22528K), 1 survivors (1024K)
 Metaspace       used 75095K, committed 75648K, reserved 1179648K
  class space    used 8760K, committed 9024K, reserved 1048576K
}
Event: 988.849 GC heap after
{Heap after GC invocations=20 (full 0):
 garbage-first heap   total reserved 2015232K, committed 65536K, used 36928K [0x0000000085000000, 0x0000000100000000)
  region size 1024K, 1 young (1024K), 1 survivors (1024K)
 Metaspace       used 75095K, committed 75648K, reserved 1179648K
  class space    used 8760K, committed 9024K, reserved 1048576K
}
Event: 1381.598 GC heap before
{Heap before GC invocations=20 (full 0):
 garbage-first heap   total reserved 2015232K, committed 65536K, used 59456K [0x0000000085000000, 0x0000000100000000)
  region size 1024K, 23 young (23552K), 1 survivors (1024K)
 Metaspace       used 75161K, committed 75776K, reserved 1179648K
  class space    used 8771K, committed 9024K, reserved 1048576K
}
Event: 1381.675 GC heap after
{Heap after GC invocations=21 (full 0):
 garbage-first heap   total reserved 2015232K, committed 65536K, used 35716K [0x0000000085000000, 0x0000000100000000)
  region size 1024K, 2 young (2048K), 2 survivors (2048K)
 Metaspace       used 75161K, committed 75776K, reserved 1179648K
  class space    used 8771K, committed 9024K, reserved 1048576K
}
Event: 1752.383 GC heap before
{Heap before GC invocations=21 (full 0):
 garbage-first heap   total reserved 2015232K, committed 65536K, used 58244K [0x0000000085000000, 0x0000000100000000)
  region size 1024K, 24 young (24576K), 2 survivors (2048K)
 Metaspace       used 75165K, committed 75776K, reserved 1179648K
  class space    used 8772K, committed 9024K, reserved 1048576K
}
Event: 1752.440 GC heap after
{Heap after GC invocations=22 (full 0):
 garbage-first heap   total reserved 2015232K, committed 65536K, used 35975K [0x0000000085000000, 0x0000000100000000)
  region size 1024K, 2 young (2048K), 2 survivors (2048K)
 Metaspace       used 75165K, committed 75776K, reserved 1179648K
  class space    used 8772K, committed 9024K, reserved 1048576K
}
Event: 2205.490 GC heap before
{Heap before GC invocations=23 (full 0):
 garbage-first heap   total reserved 2015232K, committed 65536K, used 58503K [0x0000000085000000, 0x0000000100000000)
  region size 1024K, 24 young (24576K), 2 survivors (2048K)
 Metaspace       used 75158K, committed 75776K, reserved 1179648K
  class space    used 8770K, committed 9024K, reserved 1048576K
}
Event: 2205.555 GC heap after
{Heap after GC invocations=24 (full 0):
 garbage-first heap   total reserved 2015232K, committed 65536K, used 36097K [0x0000000085000000, 0x0000000100000000)
  region size 1024K, 2 young (2048K), 2 survivors (2048K)
 Metaspace       used 75158K, committed 75776K, reserved 1179648K
  class space    used 8770K, committed 9024K, reserved 1048576K
}
Event: 2674.154 GC heap before
{Heap before GC invocations=24 (full 0):
 garbage-first heap   total reserved 2015232K, committed 65536K, used 58625K [0x0000000085000000, 0x0000000100000000)
  region size 1024K, 24 young (24576K), 2 survivors (2048K)
 Metaspace       used 75158K, committed 75776K, reserved 1179648K
  class space    used 8770K, committed 9024K, reserved 1048576K
}
Event: 2674.220 GC heap after
{Heap after GC invocations=25 (full 0):
 garbage-first heap   total reserved 2015232K, committed 65536K, used 35353K [0x0000000085000000, 0x0000000100000000)
  region size 1024K, 2 young (2048K), 2 survivors (2048K)
 Metaspace       used 75158K, committed 75776K, reserved 1179648K
  class space    used 8770K, committed 9024K, reserved 1048576K
}
Event: 3208.644 GC heap before
{Heap before GC invocations=25 (full 0):
 garbage-first heap   total reserved 2015232K, committed 65536K, used 56857K [0x0000000085000000, 0x0000000100000000)
  region size 1024K, 24 young (24576K), 2 survivors (2048K)
 Metaspace       used 75226K, committed 75776K, reserved 1179648K
  class space    used 8785K, committed 9024K, reserved 1048576K
}
Event: 3208.865 GC heap after
{Heap after GC invocations=26 (full 0):
 garbage-first heap   total reserved 2015232K, committed 65536K, used 35618K [0x0000000085000000, 0x0000000100000000)
  region size 1024K, 2 young (2048K), 2 survivors (2048K)
 Metaspace       used 75226K, committed 75776K, reserved 1179648K
  class space    used 8785K, committed 9024K, reserved 1048576K
}
Event: 3537.615 GC heap before
{Heap before GC invocations=27 (full 0):
 garbage-first heap   total reserved 2015232K, committed 65536K, used 47906K [0x0000000085000000, 0x0000000100000000)
  region size 1024K, 16 young (16384K), 2 survivors (2048K)
 Metaspace       used 75349K, committed 75968K, reserved 1179648K
  class space    used 8812K, committed 9088K, reserved 1048576K
}

